<?xml version="1.0" encoding="UTF-8"?>
<!-- Generated by org.testng.reporters.JUnitXMLReporter -->
<testsuite hostname="LAPTOP-50B4Q9JJ" ignored="0" name="TestNGTest" tests="7" failures="0" timestamp="2022-04-01T07:47:14 IST" time="40.169" errors="0">
  <testcase name="@AfterClass logoutTest" time="0.69" classname="com.qa.linkedin.testcases.SearchDataDrivenTest">
    <failure type="org.openqa.selenium.StaleElementReferenceException" message="stale element reference: element is not attached to the page document
  (Session info: chrome=99.0.4844.84)
For documentation on this error, please visit: https://selenium.dev/exceptions/#stale_element_reference
Build info: version: &amp;apos;4.1.2&amp;apos;, revision: &amp;apos;9a5a329c5a&amp;apos;
System info: host: &amp;apos;LAPTOP-50B4Q9JJ&amp;apos;, ip: &amp;apos;192.168.0.59&amp;apos;, os.name: &amp;apos;Windows 10&amp;apos;, os.arch: &amp;apos;amd64&amp;apos;, os.version: &amp;apos;10.0&amp;apos;, java.version: &amp;apos;1.8.0_311&amp;apos;
Driver info: org.openqa.selenium.chrome.ChromeDriver
Command: [2f44fd2d3f3294751301be11f67135c3, isElementDisplayed {id=522e81d7-fb2f-446f-8df0-c906ac79bc71}]
Capabilities {acceptInsecureCerts: false, browserName: chrome, browserVersion: 99.0.4844.84, chrome: {chromedriverVersion: 99.0.4844.51 (d537ec02474b5..., userDataDir: C:\Users\raja\AppData\Local...}, goog:chromeOptions: {debuggerAddress: localhost:51359}, javascriptEnabled: true, networkConnectionEnabled: false, pageLoadStrategy: normal, platform: WINDOWS, platformName: WINDOWS, proxy: Proxy(), se:cdp: ws://localhost:51359/devtoo..., se:cdpVersion: 99.0.4844.84, setWindowRect: true, strictFileInteractability: false, timeouts: {implicit: 0, pageLoad: 300000, script: 30000}, unhandledPromptBehavior: dismiss and notify, webauthn:extension:credBlob: true, webauthn:extension:largeBlob: true, webauthn:virtualAuthenticators: true}
Element: [[ChromeDriver: chrome on WINDOWS (2f44fd2d3f3294751301be11f67135c3)] -&amp;gt; xpath: //a[@class=&amp;apos;global-nav__secondary-link mv1&amp;apos;][contains(.,&amp;apos;Sign Out&amp;apos;)]]
Session ID: 2f44fd2d3f3294751301be11f67135c3">
      <![CDATA[org.openqa.selenium.StaleElementReferenceException: stale element reference: element is not attached to the page document
  (Session info: chrome=99.0.4844.84)
For documentation on this error, please visit: https://selenium.dev/exceptions/#stale_element_reference
Build info: version: '4.1.2', revision: '9a5a329c5a'
System info: host: 'LAPTOP-50B4Q9JJ', ip: '192.168.0.59', os.name: 'Windows 10', os.arch: 'amd64', os.version: '10.0', java.version: '1.8.0_311'
Driver info: org.openqa.selenium.chrome.ChromeDriver
Command: [2f44fd2d3f3294751301be11f67135c3, isElementDisplayed {id=522e81d7-fb2f-446f-8df0-c906ac79bc71}]
Capabilities {acceptInsecureCerts: false, browserName: chrome, browserVersion: 99.0.4844.84, chrome: {chromedriverVersion: 99.0.4844.51 (d537ec02474b5..., userDataDir: C:\Users\raja\AppData\Local...}, goog:chromeOptions: {debuggerAddress: localhost:51359}, javascriptEnabled: true, networkConnectionEnabled: false, pageLoadStrategy: normal, platform: WINDOWS, platformName: WINDOWS, proxy: Proxy(), se:cdp: ws://localhost:51359/devtoo..., se:cdpVersion: 99.0.4844.84, setWindowRect: true, strictFileInteractability: false, timeouts: {implicit: 0, pageLoad: 300000, script: 30000}, unhandledPromptBehavior: dismiss and notify, webauthn:extension:credBlob: true, webauthn:extension:largeBlob: true, webauthn:virtualAuthenticators: true}
Element: [[ChromeDriver: chrome on WINDOWS (2f44fd2d3f3294751301be11f67135c3)] -> xpath: //a[@class='global-nav__secondary-link mv1'][contains(.,'Sign Out')]]
Session ID: 2f44fd2d3f3294751301be11f67135c3
at org.openqa.selenium.remote.codec.w3c.W3CHttpResponseCodec.createException(W3CHttpResponseCodec.java:200)
at org.openqa.selenium.remote.codec.w3c.W3CHttpResponseCodec.decode(W3CHttpResponseCodec.java:133)
at org.openqa.selenium.remote.codec.w3c.W3CHttpResponseCodec.decode(W3CHttpResponseCodec.java:53)
at org.openqa.selenium.remote.HttpCommandExecutor.execute(HttpCommandExecutor.java:184)
at org.openqa.selenium.remote.service.DriverCommandExecutor.invokeExecute(DriverCommandExecutor.java:167)
at org.openqa.selenium.remote.service.DriverCommandExecutor.execute(DriverCommandExecutor.java:142)
at org.openqa.selenium.remote.RemoteWebDriver.execute(RemoteWebDriver.java:558)
at org.openqa.selenium.remote.RemoteWebElement.execute(RemoteWebElement.java:251)
at org.openqa.selenium.remote.RemoteWebElement.isDisplayed(RemoteWebElement.java:307)
at org.openqa.selenium.support.pagefactory.internal.LocatingElementHandler.invoke(LocatingElementHandler.java:52)
at com.sun.proxy.$Proxy18.isDisplayed(Unknown Source)
at org.openqa.selenium.support.ui.ExpectedConditions.elementIfVisible(ExpectedConditions.java:307)
at org.openqa.selenium.support.ui.ExpectedConditions.access$000(ExpectedConditions.java:40)
at org.openqa.selenium.support.ui.ExpectedConditions$10.apply(ExpectedConditions.java:293)
at org.openqa.selenium.support.ui.ExpectedConditions$10.apply(ExpectedConditions.java:290)
at org.openqa.selenium.support.ui.ExpectedConditions$23.apply(ExpectedConditions.java:660)
at org.openqa.selenium.support.ui.ExpectedConditions$23.apply(ExpectedConditions.java:656)
at org.openqa.selenium.support.ui.FluentWait.until(FluentWait.java:208)
at com.qa.linkedin.pages.BasePageWeb.click(BasePageWeb.java:46)
at com.qa.linkedin.pages.LinkedinLoggedinPage.doLogOut(LinkedinLoggedinPage.java:54)
at com.qa.linkedin.testcases.SearchDataDrivenTest.logoutTest(SearchDataDrivenTest.java:85)
at java.util.ArrayList.forEach(ArrayList.java:1259)
... Removed 32 stack frames]]>
    </failure>
  </testcase> <!-- @AfterClass logoutTest -->
  <testcase name="doLoginTest" time="11.957" classname="com.qa.linkedin.testcases.SearchDataDrivenTest"/>
  <testcase name="dosearchPeopleTest" time="4.498" classname="com.qa.linkedin.testcases.SearchDataDrivenTest"/>
  <testcase name="dosearchPeopleTest" time="5.043" classname="com.qa.linkedin.testcases.SearchDataDrivenTest"/>
  <testcase name="dosearchPeopleTest" time="4.234" classname="com.qa.linkedin.testcases.SearchDataDrivenTest"/>
  <testcase name="dosearchPeopleTest" time="4.03" classname="com.qa.linkedin.testcases.SearchDataDrivenTest"/>
  <testcase name="dosearchPeopleTest" time="4.452" classname="com.qa.linkedin.testcases.SearchDataDrivenTest"/>
  <testcase name="dosearchPeopleTest" time="4.074" classname="com.qa.linkedin.testcases.SearchDataDrivenTest"/>
</testsuite> <!-- TestNGTest -->
